TN:
SF:/home/enarbona/Projects/test/src/index.js
FNF:0
FNH:0
DA:0,1
DA:2,1
DA:3,1
DA:5,1
DA:6,1
DA:7,1
DA:8,1
DA:10,0
DA:13,1
LF:9
LH:8
BRDA:4,1,0,1
BRDA:4,1,1,0
BRDA:7,2,0,1
BRDA:7,2,1,0
BRDA:7,3,0,1
BRDA:7,3,1,1
BRF:6
BRH:4
end_of_record
TN:
SF:/home/enarbona/Projects/test/src/app.js
FN:28,_interopRequireDefault
FN:31,init
FN:36,(anonymous_3)
FNF:3
FNH:3
FNDA:5,_interopRequireDefault
FNDA:1,init
FNDA:1,(anonymous_3)
DA:0,5
DA:1,1
DA:2,1
DA:3,1
DA:4,1
DA:5,1
DA:9,1
DA:10,1
DA:14,1
DA:15,1
DA:18,1
DA:20,1
DA:22,1
LF:13
LH:13
BRDA:28,1,0,3
BRDA:28,1,1,2
BRDA:28,2,0,5
BRDA:28,2,1,5
BRDA:37,3,0,0
BRDA:37,3,1,1
BRF:6
BRH:5
end_of_record
TN:
SF:/home/enarbona/Projects/test/src/config/environment/index.js
FN:23,_interopRequireDefault
FNF:1
FNH:1
FNDA:4,_interopRequireDefault
DA:0,4
DA:1,1
DA:2,1
DA:3,1
DA:4,1
DA:6,1
DA:8,1
DA:9,1
DA:12,1
DA:13,0
DA:16,1
LF:11
LH:10
BRDA:23,1,0,3
BRDA:23,1,1,1
BRDA:23,2,0,4
BRDA:23,2,1,4
BRDA:27,3,0,1
BRDA:27,3,1,0
BRDA:31,4,0,0
BRDA:31,4,1,1
BRDA:39,5,0,1
BRDA:39,5,1,1
BRDA:42,6,0,1
BRDA:42,6,1,1
BRDA:53,7,0,1
BRDA:53,7,1,1
BRDA:57,8,0,1
BRDA:57,8,1,0
BRF:16
BRH:13
end_of_record
TN:
SF:/home/enarbona/Projects/test/src/config/environment/development.js
FNF:0
FNH:0
DA:0,1
LF:1
LH:1
BRF:0
BRH:0
end_of_record
TN:
SF:/home/enarbona/Projects/test/src/config/environment/testEnv.js
FNF:0
FNH:0
DA:0,1
LF:1
LH:1
BRF:0
BRH:0
end_of_record
TN:
SF:/home/enarbona/Projects/test/src/config/environment/production.js
FNF:0
FNH:0
DA:0,1
LF:1
LH:1
BRDA:11,1,0,1
BRDA:11,1,1,1
BRDA:11,1,2,1
BRDA:14,2,0,1
BRDA:14,2,1,1
BRDA:14,2,2,1
BRDA:18,3,0,1
BRDA:18,3,1,1
BRDA:18,3,2,1
BRDA:18,3,3,1
BRF:10
BRH:10
end_of_record
TN:
SF:/home/enarbona/Projects/test/src/config/db.js
FN:15,_interopRequireDefault
FN:20,(anonymous_2)
FN:27,(anonymous_3)
FNF:3
FNH:2
FNDA:2,_interopRequireDefault
FNDA:0,(anonymous_2)
FNDA:1,(anonymous_3)
DA:0,2
DA:1,1
DA:2,1
DA:4,1
DA:5,1
DA:7,1
DA:8,0
DA:9,0
DA:11,0
DA:14,1
DA:15,1
DA:16,1
LF:12
LH:9
BRDA:15,1,0,1
BRDA:15,1,1,1
BRDA:15,2,0,2
BRDA:15,2,1,2
BRDA:21,3,0,0
BRDA:21,3,1,0
BRDA:28,4,0,1
BRDA:28,4,1,0
BRF:8
BRH:5
end_of_record
TN:
SF:/home/enarbona/Projects/test/src/config/seed.js
FN:20,_interopRequireDefault
FN:22,generateUsers
FN:23,(anonymous_3)
FN:43,generatePersons
FN:44,(anonymous_5)
FN:64,seedDB
FNF:6
FNH:2
FNDA:3,_interopRequireDefault
FNDA:0,generateUsers
FNDA:0,(anonymous_3)
FNDA:0,generatePersons
FNDA:0,(anonymous_5)
FNDA:1,seedDB
DA:0,3
DA:6,1
DA:7,1
DA:8,1
DA:11,0
DA:13,0
DA:29,1
DA:30,0
DA:32,0
DA:51,1
DA:52,1
DA:53,0
DA:54,0
LF:13
LH:7
BRDA:20,1,0,3
BRDA:20,1,1,0
BRDA:20,2,0,3
BRDA:20,2,1,3
BRDA:65,3,0,0
BRDA:65,3,1,1
BRF:6
BRH:5
end_of_record
TN:
SF:/home/enarbona/Projects/test/src/models/person.js
FN:11,_interopRequireDefault
FNF:1
FNH:1
FNDA:1,_interopRequireDefault
DA:0,1
DA:1,1
DA:3,1
LF:3
LH:3
BRDA:11,1,0,0
BRDA:11,1,1,1
BRDA:11,2,0,1
BRDA:11,2,1,1
BRF:4
BRH:4
end_of_record
TN:
SF:/home/enarbona/Projects/test/src/models/user.js
FN:21,_interopRequireDefault
FN:50,(anonymous_2)
FN:58,(anonymous_3)
FN:70,(anonymous_4)
FN:75,(anonymous_5)
FN:80,(anonymous_6)
FN:83,(anonymous_7)
FN:91,(anonymous_8)
FN:96,validatePresenceOf
FN:103,(anonymous_10)
FN:116,(anonymous_11)
FN:121,(anonymous_12)
FN:143,authenticate
FN:150,(anonymous_14)
FN:168,hasAccess
FN:171,(anonymous_16)
FN:190,makeSalt
FN:208,(anonymous_18)
FN:225,encryptPassword
FN:242,(anonymous_20)
FN:263,registerEvents
FN:270,emitEvent
FN:271,(anonymous_23)
FNF:23
FNH:20
FNDA:3,_interopRequireDefault
FNDA:0,(anonymous_2)
FNDA:0,(anonymous_3)
FNDA:29,(anonymous_4)
FNDA:29,(anonymous_5)
FNDA:29,(anonymous_6)
FNDA:29,(anonymous_7)
FNDA:0,(anonymous_8)
FNDA:22,validatePresenceOf
FNDA:25,(anonymous_10)
FNDA:22,(anonymous_11)
FNDA:22,(anonymous_12)
FNDA:7,authenticate
FNDA:4,(anonymous_14)
FNDA:23,hasAccess
FNDA:23,(anonymous_16)
FNDA:22,makeSalt
FNDA:22,(anonymous_18)
FNDA:29,encryptPassword
FNDA:26,(anonymous_20)
FNDA:1,registerEvents
FNDA:2,emitEvent
FNDA:38,(anonymous_23)
DA:0,3
DA:2,1
DA:3,1
DA:4,1
DA:9,1
DA:33,1
DA:36,0
DA:43,1
DA:46,0
DA:57,1
DA:59,29
DA:62,1
DA:64,29
DA:67,1
DA:69,29
DA:70,29
DA:72,29
DA:73,4
DA:74,3
DA:76,1
DA:78,25
DA:81,0
DA:85,22
DA:90,1
DA:91,25
DA:93,25
DA:94,3
DA:97,22
DA:98,0
DA:102,22
DA:103,22
DA:104,0
DA:106,22
DA:107,22
DA:108,22
DA:109,0
DA:111,22
DA:112,22
DA:120,1
DA:129,7
DA:130,7
DA:131,3
DA:134,4
DA:135,4
DA:136,0
DA:139,4
DA:140,3
DA:142,1
DA:151,23
DA:152,23
DA:153,23
DA:154,22
DA:157,1
DA:171,22
DA:172,22
DA:173,22
DA:175,22
DA:176,22
DA:177,22
DA:178,0
DA:179,0
DA:181,0
DA:184,22
DA:185,0
DA:188,22
DA:189,22
DA:190,0
DA:192,22
DA:205,29
DA:206,0
DA:207,0
DA:209,0
DA:212,29
DA:213,29
DA:214,29
DA:216,29
DA:218,3
DA:223,26
DA:225,26
DA:226,0
DA:228,26
DA:233,1
DA:236,1
DA:239,1
DA:245,1
DA:246,1
DA:247,2
DA:248,2
DA:252,2
DA:253,38
DA:254,38
DA:258,1
LF:92
LH:76
BRDA:21,1,0,1
BRDA:21,1,1,2
BRDA:21,2,0,3
BRDA:21,2,1,3
BRDA:84,3,0,4
BRDA:84,3,1,25
BRDA:85,4,0,3
BRDA:85,4,1,1
BRDA:97,5,0,22
BRDA:97,5,1,22
BRDA:107,6,0,3
BRDA:107,6,1,22
BRDA:111,7,0,0
BRDA:111,7,1,22
BRDA:117,8,0,0
BRDA:117,8,1,22
BRDA:122,9,0,0
BRDA:122,9,1,22
BRDA:146,10,0,3
BRDA:146,10,1,4
BRDA:151,11,0,0
BRDA:151,11,1,4
BRDA:155,12,0,3
BRDA:155,12,1,1
BRDA:172,13,0,22
BRDA:172,13,1,1
BRDA:195,14,0,22
BRDA:195,14,1,0
BRDA:195,15,0,0
BRDA:195,15,1,22
BRDA:196,16,0,0
BRDA:196,16,1,22
BRDA:198,17,0,0
BRDA:198,17,1,0
BRDA:198,18,0,0
BRDA:198,18,1,0
BRDA:199,19,0,0
BRDA:199,19,1,0
BRDA:204,20,0,0
BRDA:204,20,1,22
BRDA:209,21,0,0
BRDA:209,21,1,22
BRDA:226,22,0,0
BRDA:226,22,1,29
BRDA:226,23,0,29
BRDA:226,23,1,29
BRDA:227,24,0,0
BRDA:227,24,1,0
BRDA:237,25,0,3
BRDA:237,25,1,26
BRDA:243,26,0,0
BRDA:243,26,1,26
BRF:52
BRH:33
end_of_record
TN:
SF:/home/enarbona/Projects/test/src/auth/index.js
FN:22,_interopRequireDefault
FN:38,jwt
FN:43,(anonymous_3)
FN:45,(anonymous_4)
FN:48,(anonymous_5)
FNF:5
FNH:5
FNDA:3,_interopRequireDefault
FNDA:28,jwt
FNDA:23,(anonymous_3)
FNDA:22,(anonymous_4)
FNDA:1,(anonymous_5)
DA:0,3
DA:3,1
DA:4,1
DA:5,1
DA:6,1
DA:8,1
DA:20,1
DA:21,28
DA:22,5
DA:23,5
DA:25,23
DA:26,23
DA:28,22
DA:29,22
DA:32,1
DA:33,0
DA:35,1
DA:37,1
DA:39,23
LF:19
LH:18
BRDA:22,1,0,2
BRDA:22,1,1,1
BRDA:22,2,0,3
BRDA:22,2,1,3
BRDA:39,3,0,5
BRDA:39,3,1,23
BRDA:49,4,0,0
BRDA:49,4,1,1
BRF:8
BRH:7
end_of_record
TN:
SF:/home/enarbona/Projects/test/src/auth/auth.service.js
FN:28,_interopRequireDefault
FN:39,isAuthenticated
FN:40,(anonymous_3)
FN:45,(anonymous_4)
FN:64,signToken
FNF:5
FNH:5
FNDA:4,_interopRequireDefault
FNDA:23,isAuthenticated
FNDA:23,(anonymous_3)
FNDA:23,(anonymous_4)
FNDA:4,signToken
DA:0,4
DA:1,1
DA:2,1
DA:3,1
DA:4,1
DA:6,1
DA:15,1
DA:16,23
DA:17,23
DA:22,23
DA:24,0
DA:27,23
DA:28,23
DA:40,1
DA:41,4
LF:15
LH:14
BRDA:28,1,0,3
BRDA:28,1,1,1
BRDA:28,2,0,4
BRDA:28,2,1,4
BRDA:46,3,0,0
BRDA:46,3,1,23
BRF:6
BRH:5
end_of_record
TN:
SF:/home/enarbona/Projects/test/src/auth/local/passport.js
FN:14,_interopRequireDefault
FN:18,localAuthenticate
FN:21,(anonymous_3)
FN:27,(anonymous_4)
FN:36,(anonymous_5)
FN:41,setup
FN:45,(anonymous_7)
FNF:7
FNH:6
FNDA:1,_interopRequireDefault
FNDA:6,localAuthenticate
FNDA:6,(anonymous_3)
FNDA:4,(anonymous_4)
FNDA:0,(anonymous_5)
FNDA:1,setup
FNDA:6,(anonymous_7)
DA:0,1
DA:3,1
DA:4,1
DA:6,1
DA:7,6
DA:11,6
DA:12,2
DA:16,4
DA:17,4
DA:18,0
DA:20,4
DA:21,1
DA:23,3
DA:26,0
DA:29,1
DA:30,1
DA:33,6
LF:17
LH:15
BRDA:14,1,0,0
BRDA:14,1,1,1
BRDA:14,2,0,1
BRDA:14,2,1,1
BRDA:22,3,0,2
BRDA:22,3,1,4
BRDA:28,4,0,0
BRDA:28,4,1,4
BRDA:31,5,0,1
BRDA:31,5,1,3
BRF:10
BRH:9
end_of_record
TN:
SF:/home/enarbona/Projects/test/src/api/controllers/auth.js
FN:12,_interopRequireDefault
FN:14,login
FNF:2
FNH:2
FNDA:1,_interopRequireDefault
FNDA:6,login
DA:0,1
DA:6,1
DA:9,6
LF:3
LH:3
BRDA:12,1,0,1
BRDA:12,1,1,0
BRDA:12,2,0,1
BRDA:12,2,1,1
BRF:4
BRH:4
end_of_record
TN:
SF:/home/enarbona/Projects/test/src/auth/local/index.js
FN:7,(anonymous_1)
FN:8,(anonymous_2)
FN:29,_interopRequireDefault
FNF:3
FNH:3
FNDA:6,(anonymous_1)
FNDA:6,(anonymous_2)
FNDA:1,_interopRequireDefault
DA:0,1
DA:1,1
DA:2,1
DA:6,6
DA:7,6
DA:8,6
DA:9,3
DA:11,3
DA:12,0
DA:15,3
DA:16,3
DA:17,3
LF:12
LH:11
BRDA:9,1,0,6
BRDA:9,1,1,6
BRDA:10,2,0,3
BRDA:10,2,1,3
BRDA:13,3,0,0
BRDA:13,3,1,3
BRDA:29,4,0,0
BRDA:29,4,1,1
BRDA:29,5,0,1
BRDA:29,5,1,1
BRF:10
BRH:9
end_of_record
TN:
SF:/home/enarbona/Projects/test/src/api/controllers/person.js
FN:19,_interopRequireDefault
FN:32,indexPerson
FN:37,showPerson
FN:42,createPerson
FN:47,upsertPerson
FN:59,patchPerson
FN:64,destroyPerson
FNF:7
FNH:6
FNDA:1,_interopRequireDefault
FNDA:1,indexPerson
FNDA:1,showPerson
FNDA:1,createPerson
FNDA:1,upsertPerson
FNDA:0,patchPerson
FNDA:1,destroyPerson
DA:0,1
DA:11,1
DA:12,1
DA:21,1
DA:22,1
DA:28,1
DA:29,1
DA:36,1
DA:37,1
DA:43,1
DA:44,1
DA:59,1
DA:60,0
DA:68,1
DA:69,1
LF:15
LH:14
BRDA:19,1,0,1
BRDA:19,1,1,0
BRDA:19,2,0,1
BRDA:19,2,1,1
BRF:4
BRH:4
end_of_record
TN:
SF:/home/enarbona/Projects/test/src/api/controllers/helpers.js
FN:16,_interopRequireDefault
FN:18,respondWithResult
FN:19,(anonymous_3)
FN:27,handleError
FN:29,(anonymous_5)
FN:39,handleEntityNotFound
FN:40,(anonymous_7)
FN:49,patchUpdates
FN:50,(anonymous_9)
FN:60,removeEntity
FN:61,(anonymous_11)
FN:63,(anonymous_12)
FNF:12
FNH:9
FNDA:2,_interopRequireDefault
FNDA:9,respondWithResult
FNDA:9,(anonymous_3)
FNDA:15,handleError
FNDA:0,(anonymous_5)
FNDA:5,handleEntityNotFound
FNDA:5,(anonymous_7)
FNDA:0,patchUpdates
FNDA:0,(anonymous_9)
FNDA:2,removeEntity
FNDA:2,(anonymous_11)
FNDA:2,(anonymous_12)
DA:0,2
DA:1,1
DA:3,1
DA:4,9
DA:5,9
DA:6,9
DA:8,0
DA:12,1
DA:13,15
DA:14,15
DA:15,0
DA:16,0
DA:20,0
DA:24,1
DA:25,5
DA:26,5
DA:27,0
DA:28,0
DA:30,5
DA:34,1
DA:35,0
DA:36,0
DA:37,0
DA:39,0
DA:41,0
DA:45,1
DA:46,2
DA:47,2
DA:48,2
DA:50,2
DA:55,0
LF:31
LH:19
BRDA:16,1,0,1
BRDA:16,1,1,1
BRDA:16,2,0,2
BRDA:16,2,1,2
BRDA:20,3,0,9
BRDA:20,3,1,0
BRDA:21,4,0,9
BRDA:21,4,1,7
BRDA:28,5,0,15
BRDA:28,5,1,15
BRDA:30,6,0,0
BRDA:30,6,1,0
BRDA:41,7,0,0
BRDA:41,7,1,5
BRDA:62,8,0,2
BRDA:62,8,1,0
BRF:16
BRH:11
end_of_record
TN:
SF:/home/enarbona/Projects/test/src/api/controllers/user.js
FN:21,_interopRequireDefault
FN:24,indexUser
FN:25,(anonymous_3)
FN:26,(anonymous_4)
FN:48,showUser
FN:49,(anonymous_6)
FN:60,showUserMe
FN:70,upsertUserMe
FN:80,(anonymous_9)
FN:89,createUser
FN:93,(anonymous_11)
FN:99,destroyUser
FNF:12
FNH:12
FNDA:1,_interopRequireDefault
FNDA:2,indexUser
FNDA:2,(anonymous_3)
FNDA:6,(anonymous_4)
FNDA:2,showUser
FNDA:2,(anonymous_6)
FNDA:2,showUserMe
FNDA:4,upsertUserMe
FNDA:4,(anonymous_9)
FNDA:1,createUser
FNDA:1,(anonymous_11)
FNDA:1,destroyUser
DA:0,1
DA:11,1
DA:12,1
DA:13,1
DA:21,1
DA:22,2
DA:23,6
DA:34,1
DA:35,2
DA:36,2
DA:48,1
DA:49,2
DA:58,1
DA:59,4
DA:60,4
DA:61,2
DA:62,2
DA:64,4
DA:65,2
DA:66,2
DA:68,4
DA:70,4
DA:73,4
DA:79,1
DA:80,1
DA:81,1
DA:82,1
DA:83,1
DA:84,1
DA:90,1
DA:91,1
LF:31
LH:31
BRDA:21,1,0,1
BRDA:21,1,1,0
BRDA:21,2,0,1
BRDA:21,2,1,1
BRDA:72,3,0,2
BRDA:72,3,1,2
BRDA:76,4,0,2
BRDA:76,4,1,2
BRF:8
BRH:8
end_of_record
